2025-11-08 00:24:00,565 - INFO - Tablas creadas correctamente con esquema de Supabase
2025-11-08 00:24:00,565 - INFO - Inventario inicial sincronizado
2025-11-08 00:24:00,565 - INFO - Base de datos inicializada correctamente
2025-11-08 00:24:02,435 - INFO - HTTP Request: GET https://ufnmqxyvrfionysjeiko.supabase.co/rest/v1/usuarios?select=id_usuario&limit=1 "HTTP/2 200 OK"
2025-11-08 00:24:02,435 - INFO - Conexión a Supabase establecida
2025-11-08 00:25:19,335 - INFO - Tablas creadas correctamente con esquema de Supabase
2025-11-08 00:25:19,335 - INFO - Inventario inicial sincronizado
2025-11-08 00:25:19,335 - INFO - Base de datos inicializada correctamente
2025-11-08 00:25:20,891 - INFO - HTTP Request: GET https://ufnmqxyvrfionysjeiko.supabase.co/rest/v1/usuarios?select=id_usuario&limit=1 "HTTP/2 200 OK"
2025-11-08 00:25:20,891 - INFO - Conexión a Supabase establecida
2025-11-08 00:25:36,107 - INFO - Login exitoso: admin
2025-11-08 00:25:36,108 - INFO - Usuario autenticado: admin
2025-11-08 00:25:39,411 - INFO - Cambio a pestaña: 1
2025-11-08 00:25:40,031 - INFO - Cambio a pestaña: 2
2025-11-08 00:25:40,680 - INFO - Cambio a pestaña: 3
2025-11-08 00:25:41,380 - INFO - Cambio a pestaña: 2
2025-11-08 00:25:43,625 - INFO - Cambio a pestaña: 3
2025-11-08 00:25:45,301 - INFO - Abriendo gestión de personal
2025-11-08 00:25:50,750 - INFO - Cambio a pestaña: 3
2025-11-08 00:25:50,750 - INFO - Volviendo a página de configuración
2025-11-08 00:25:51,866 - INFO - Cambio a pestaña: 0
2025-11-08 00:25:52,642 - INFO - Abriendo widget de nueva venta
2025-11-08 00:26:14,455 - INFO - Cambio a pestaña: 0
2025-11-08 00:26:14,455 - INFO - Volviendo a página de ventas
2025-11-08 00:26:15,993 - INFO - Abriendo widget de nueva venta
2025-11-08 00:26:27,242 - INFO - Cambio a pestaña: 0
2025-11-08 00:26:27,242 - INFO - Volviendo a página de ventas
